2021-05-20 11:06:53,384:INFO:PyCaret Supervised Module
2021-05-20 11:06:53,385:INFO:ML Usecase: anomaly
2021-05-20 11:06:53,385:INFO:version 2.3.1
2021-05-20 11:06:53,385:INFO:Initializing setup()
2021-05-20 11:06:53,385:INFO:setup(target=None, ml_usecase=anomaly, available_plots={'tsne': 'Anomaly TSnE (3d)', 'umap': 'UMAP Dimensionality'}, train_size=0.7, test_data=None, preprocess=True, imputation_type=simple, iterative_imputation_iters=5, categorical_features=None, categorical_imputation=mode, categorical_iterative_imputer=lightgbm, ordinal_features=None, high_cardinality_features=None, high_cardinality_method=frequency, numeric_features=None, numeric_imputation=mean, numeric_iterative_imputer=lightgbm, date_features=None, ignore_features=['MouseID'], normalize=True, normalize_method=zscore, transformation=False, transformation_method=yeo-johnson, handle_unknown_categorical=True, unknown_categorical_method=least_frequent, pca=False, pca_method=linear, pca_components=None, ignore_low_variance=False, combine_rare_levels=False, rare_level_threshold=0.1, bin_numeric_features=None, remove_outliers=False, outliers_threshold=0.05, remove_multicollinearity=False, multicollinearity_threshold=0.9, remove_perfect_collinearity=False, create_clusters=False, cluster_iter=20, polynomial_features=False, polynomial_degree=2, trigonometry_features=False, polynomial_threshold=0.1, group_features=None, group_names=None, feature_selection=False, feature_selection_threshold=0.8, feature_selection_method=classic, feature_interaction=False, feature_ratio=False, interaction_threshold=0.01, fix_imbalance=False, fix_imbalance_method=None, transform_target=False, transform_target_method=box-cox, data_split_shuffle=False, data_split_stratify=False, fold_strategy=kfold, fold=10, fold_shuffle=False, fold_groups=None, n_jobs=-1, use_gpu=False, custom_pipeline=None, html=True, session_id=123, log_experiment=False, experiment_name=None, log_plots=False, log_profile=False, log_data=False, silent=False, verbose=True, profile=False, profile_kwargs=None, display=None)
2021-05-20 11:06:53,385:INFO:Checking environment
2021-05-20 11:06:53,385:INFO:python_version: 3.7.10
2021-05-20 11:06:53,385:INFO:python_build: ('default', 'May  3 2021 02:48:31')
2021-05-20 11:06:53,385:INFO:machine: x86_64
2021-05-20 11:06:53,385:INFO:platform: Linux-5.4.109+-x86_64-with-Ubuntu-18.04-bionic
2021-05-20 11:06:53,385:INFO:Memory: svmem(total=13624659968, available=12693467136, percent=6.8, used=662781952, free=9728159744, active=1120817152, inactive=2475016192, buffers=108777472, cached=3124940800, shared=1191936, slab=248053760)
2021-05-20 11:06:53,385:INFO:Physical Core: 1
2021-05-20 11:06:53,385:INFO:Logical Core: 2
2021-05-20 11:06:53,386:INFO:Checking libraries
2021-05-20 11:06:53,386:INFO:pd==1.1.5
2021-05-20 11:06:53,386:INFO:numpy==1.19.5
2021-05-20 11:06:53,386:INFO:sklearn==0.23.2
2021-05-20 11:06:53,386:INFO:lightgbm==3.2.1
2021-05-20 11:06:53,386:WARNING:catboost not found
2021-05-20 11:06:53,442:INFO:xgboost==0.90
2021-05-20 11:06:53,698:INFO:mlflow==1.17.0
2021-05-20 11:06:53,698:INFO:Checking Exceptions
2021-05-20 11:06:53,699:INFO:Declaring global variables
2021-05-20 11:06:53,699:INFO:USI: f3f1
2021-05-20 11:06:53,699:INFO:pycaret_globals: {'_available_plots', 'X', 'transform_target_method_param', '_all_metrics', 'stratify_param', 'imputation_regressor', 'experiment__', '_ml_usecase', 'pycaret_globals', 'master_model_container', 'html_param', 'gpu_param', 'fix_imbalance_param', 'prep_pipe', '_all_models', 'log_plots_param', 'fold_generator', 'fold_groups_param_full', 'iterative_imputation_iters_param', 'n_jobs_param', '_all_models_internal', 'USI', 'logging_param', 'display_container', '_internal_pipeline', 'seed', 'fold_groups_param', '_gpu_n_jobs_param', 'imputation_classifier', 'exp_name_log', 'fix_imbalance_method_param', 'target_param', 'fold_shuffle_param', 'fold_param', 'data_before_preprocess', 'create_model_container', 'transform_target_param'}
2021-05-20 11:06:53,699:INFO:Preparing display monitor
2021-05-20 11:06:53,699:INFO:Preparing display monitor
2021-05-20 11:06:53,728:INFO:Importing libraries
2021-05-20 11:06:53,728:INFO:Copying data for preprocessing
2021-05-20 11:06:53,743:INFO:Declaring preprocessing parameters
2021-05-20 11:06:53,748:INFO:Creating preprocessing pipeline
2021-05-20 11:06:53,780:INFO:Preprocessing pipeline created successfully
2021-05-20 11:06:53,781:ERROR:(Process Exit): setup has been interupted with user command 'quit'. setup must rerun.
2021-05-20 11:06:53,782:INFO:Creating global containers
2021-05-20 11:06:53,785:INFO:Internal pipeline: Pipeline(memory=None, steps=[('empty_step', 'passthrough')], verbose=False)
2021-05-20 11:06:57,662:INFO:Creating grid variables
2021-05-20 11:06:57,687:INFO:create_model_container: 0
2021-05-20 11:06:57,687:INFO:master_model_container: 0
2021-05-20 11:06:57,687:INFO:display_container: 1
2021-05-20 11:06:57,697:INFO:Pipeline(memory=None,
         steps=[('dtypes',
                 DataTypes_Auto_infer(categorical_features=[],
                                      display_types=True,
                                      features_todrop=['MouseID'],
                                      id_columns=[], ml_usecase='regression',
                                      numerical_features=[],
                                      target='UNSUPERVISED_DUMMY_TARGET',
                                      time_features=[])),
                ('imputer',
                 Simple_Imputer(categorical_strategy='most frequent',
                                fill_value_categorical=None,
                                fill_value_numer...
                ('P_transform', 'passthrough'), ('binn', 'passthrough'),
                ('rem_outliers', 'passthrough'), ('cluster_all', 'passthrough'),
                ('dummy', Dummify(target='UNSUPERVISED_DUMMY_TARGET')),
                ('fix_perfect', 'passthrough'),
                ('clean_names', Clean_Colum_Names()),
                ('feature_select', 'passthrough'), ('fix_multi', 'passthrough'),
                ('dfs', 'passthrough'), ('pca', 'passthrough')],
         verbose=False)
2021-05-20 11:06:57,697:INFO:setup() succesfully completed......................................
2021-05-20 11:08:40,390:INFO:Initializing create_model()
2021-05-20 11:08:40,392:INFO:create_model(estimator=iforest, num_clusters=4, fraction=0.05, ground_truth=None, round=4, fit_kwargs=None, verbose=True, system=True, raise_num_clusters=False, display=None, kwargs={})
2021-05-20 11:08:40,392:INFO:Checking exceptions
2021-05-20 11:08:40,392:INFO:Preparing display monitor
2021-05-20 11:08:40,431:INFO:Importing libraries
2021-05-20 11:08:40,456:INFO:Importing untrained model
2021-05-20 11:08:40,482:INFO:Isolation Forest Imported succesfully
2021-05-20 11:08:40,511:INFO:Fitting Model
2021-05-20 11:08:41,234:INFO:IForest(behaviour='new', bootstrap=False, contamination=0.05,
    max_features=1.0, max_samples='auto', n_estimators=100, n_jobs=-1,
    random_state=123, verbose=0)
2021-05-20 11:08:41,234:INFO:create_models() succesfully completed......................................
2021-05-20 11:08:41,235:INFO:Uploading results into container
2021-05-20 11:08:41,236:INFO:Uploading model into container now
2021-05-20 11:08:41,241:INFO:create_model_container: 1
2021-05-20 11:08:41,242:INFO:master_model_container: 1
2021-05-20 11:08:41,242:INFO:display_container: 2
2021-05-20 11:08:41,243:INFO:IForest(behaviour='new', bootstrap=False, contamination=0.05,
    max_features=1.0, max_samples='auto', n_estimators=100, n_jobs=-1,
    random_state=123, verbose=0)
2021-05-20 11:08:41,243:INFO:create_model() succesfully completed......................................
2021-05-20 11:12:48,733:INFO:Initializing create_model()
2021-05-20 11:12:48,733:INFO:create_model(estimator=svm, num_clusters=4, fraction=0.025, ground_truth=None, round=4, fit_kwargs=None, verbose=True, system=True, raise_num_clusters=False, display=None, kwargs={})
2021-05-20 11:12:48,733:INFO:Checking exceptions
2021-05-20 11:12:48,733:INFO:Preparing display monitor
2021-05-20 11:12:48,779:INFO:Importing libraries
2021-05-20 11:12:48,814:INFO:Importing untrained model
2021-05-20 11:12:48,839:INFO:One-class SVM detector Imported succesfully
2021-05-20 11:12:48,872:INFO:Fitting Model
2021-05-20 11:12:49,106:INFO:OCSVM(cache_size=200, coef0=0.0, contamination=0.025, degree=3, gamma='auto',
   kernel='rbf', max_iter=-1, nu=0.5, shrinking=True, tol=0.001,
   verbose=False)
2021-05-20 11:12:49,107:INFO:create_models() succesfully completed......................................
2021-05-20 11:12:49,111:INFO:Uploading results into container
2021-05-20 11:12:49,112:INFO:Uploading model into container now
2021-05-20 11:12:49,118:INFO:create_model_container: 2
2021-05-20 11:12:49,118:INFO:master_model_container: 2
2021-05-20 11:12:49,118:INFO:display_container: 3
2021-05-20 11:12:49,119:INFO:OCSVM(cache_size=200, coef0=0.0, contamination=0.025, degree=3, gamma='auto',
   kernel='rbf', max_iter=-1, nu=0.5, shrinking=True, tol=0.001,
   verbose=False)
2021-05-20 11:12:49,119:INFO:create_model() succesfully completed......................................
2021-05-20 11:13:07,233:INFO:gpu_param set to False
2021-05-20 11:13:22,617:INFO:Initializing assign_model()
2021-05-20 11:13:22,618:INFO:assign_model(model=IForest(behaviour='new', bootstrap=False, contamination=0.05,
    max_features=1.0, max_samples='auto', n_estimators=100, n_jobs=-1,
    random_state=123, verbose=0), transformation=False, score=True, verbose=True)
2021-05-20 11:13:22,618:INFO:Checking exceptions
2021-05-20 11:13:22,618:INFO:Determining Trained Model
2021-05-20 11:13:22,619:INFO:Trained Model : Isolation Forest
2021-05-20 11:13:22,619:INFO:Copying data
2021-05-20 11:13:22,623:INFO:(1026, 84)
2021-05-20 11:13:22,623:INFO:assign_model() succesfully completed......................................
2021-05-20 11:13:34,999:INFO:Initializing plot_model()
2021-05-20 11:13:34,999:INFO:plot_model(plot=tsne, fold=None, use_train_data=False, verbose=True, is_in_evaluate=False, display=None, display_format=None, estimator=IForest(behaviour='new', bootstrap=False, contamination=0.05,
    max_features=1.0, max_samples='auto', n_estimators=100, n_jobs=-1,
    random_state=123, verbose=0), feature_name=None, fit_kwargs=None, groups=None, label=False, save=False, scale=1, system=True)
2021-05-20 11:13:34,999:INFO:Checking exceptions
2021-05-20 11:13:34,999:INFO:Preparing display monitor
2021-05-20 11:13:35,015:INFO:Preloading libraries
2021-05-20 11:13:35,041:INFO:Copying training dataset
2021-05-20 11:13:35,042:INFO:Plot type: tsne
2021-05-20 11:13:35,163:INFO:SubProcess assign_model() called ==================================
2021-05-20 11:13:35,164:INFO:Initializing assign_model()
2021-05-20 11:13:35,164:INFO:assign_model(model=IForest(behaviour='new', bootstrap=False, contamination=0.05,
    max_features=1.0, max_samples='auto', n_estimators=100, n_jobs=-1,
    random_state=123, verbose=0), transformation=True, score=False, verbose=False)
2021-05-20 11:13:35,164:INFO:Checking exceptions
2021-05-20 11:13:35,164:INFO:Determining Trained Model
2021-05-20 11:13:35,164:INFO:Trained Model : Isolation Forest
2021-05-20 11:13:35,164:INFO:Copying data
2021-05-20 11:13:35,165:INFO:Transformation param set to True. Assigned clusters are attached on transformed dataset.
2021-05-20 11:13:35,165:INFO:(1026, 92)
2021-05-20 11:13:35,165:INFO:assign_model() succesfully completed......................................
2021-05-20 11:13:35,166:INFO:SubProcess assign_model() end ==================================
2021-05-20 11:13:35,170:INFO:Getting dummies to cast categorical variables
2021-05-20 11:13:35,170:INFO:Fitting TSNE()
2021-05-20 11:14:00,522:INFO:Rendering Visual
2021-05-20 11:14:01,843:INFO:Visual Rendered Successfully
2021-05-20 11:14:02,003:INFO:plot_model() succesfully completed......................................
2021-05-20 11:14:03,940:INFO:Initializing plot_model()
2021-05-20 11:14:03,940:INFO:plot_model(plot=umap, fold=None, use_train_data=False, verbose=True, is_in_evaluate=False, display=None, display_format=None, estimator=IForest(behaviour='new', bootstrap=False, contamination=0.05,
    max_features=1.0, max_samples='auto', n_estimators=100, n_jobs=-1,
    random_state=123, verbose=0), feature_name=None, fit_kwargs=None, groups=None, label=False, save=False, scale=1, system=True)
2021-05-20 11:14:03,940:INFO:Checking exceptions
2021-05-20 11:14:03,941:INFO:Preparing display monitor
2021-05-20 11:14:03,960:INFO:Preloading libraries
2021-05-20 11:14:03,983:INFO:Copying training dataset
2021-05-20 11:14:03,984:INFO:Plot type: umap
2021-05-20 11:14:04,042:INFO:SubProcess assign_model() called ==================================
2021-05-20 11:14:04,043:INFO:Initializing assign_model()
2021-05-20 11:14:04,043:INFO:assign_model(model=IForest(behaviour='new', bootstrap=False, contamination=0.05,
    max_features=1.0, max_samples='auto', n_estimators=100, n_jobs=-1,
    random_state=123, verbose=0), transformation=True, score=False, verbose=False)
2021-05-20 11:14:04,043:INFO:Checking exceptions
2021-05-20 11:14:04,043:INFO:Determining Trained Model
2021-05-20 11:14:04,043:INFO:Trained Model : Isolation Forest
2021-05-20 11:14:04,044:INFO:Copying data
2021-05-20 11:14:04,044:INFO:Transformation param set to True. Assigned clusters are attached on transformed dataset.
2021-05-20 11:14:04,045:INFO:(1026, 92)
2021-05-20 11:14:04,045:INFO:assign_model() succesfully completed......................................
2021-05-20 11:14:04,045:INFO:SubProcess assign_model() end ==================================
2021-05-20 11:16:09,190:INFO:Initializing predict_model()
2021-05-20 11:16:09,190:INFO:predict_model(estimator=IForest(behaviour='new', bootstrap=False, contamination=0.05,
    max_features=1.0, max_samples='auto', n_estimators=100, n_jobs=-1,
    random_state=123, verbose=0), ml_usecase=MLUsecase.ANOMALY)
2021-05-20 11:16:10,340:INFO:Initializing predict_model()
2021-05-20 11:16:10,340:INFO:predict_model(estimator=IForest(behaviour='new', bootstrap=False, contamination=0.05,
    max_features=1.0, max_samples='auto', n_estimators=100, n_jobs=-1,
    random_state=123, verbose=0), ml_usecase=MLUsecase.ANOMALY)
2021-05-20 11:16:25,599:INFO:Initializing predict_model()
2021-05-20 11:16:25,599:INFO:predict_model(estimator=IForest(behaviour='new', bootstrap=False, contamination=0.05,
    max_features=1.0, max_samples='auto', n_estimators=100, n_jobs=-1,
    random_state=123, verbose=0), ml_usecase=MLUsecase.ANOMALY)
2021-05-20 11:16:40,656:INFO:Initializing plot_model()
2021-05-20 11:16:40,660:INFO:plot_model(plot=umap, fold=None, use_train_data=False, verbose=True, is_in_evaluate=False, display=None, display_format=None, estimator=IForest(behaviour='new', bootstrap=False, contamination=0.05,
    max_features=1.0, max_samples='auto', n_estimators=100, n_jobs=-1,
    random_state=123, verbose=0), feature_name=None, fit_kwargs=None, groups=None, label=False, save=False, scale=1, system=True)
2021-05-20 11:16:40,660:INFO:Checking exceptions
2021-05-20 11:16:40,662:INFO:Preparing display monitor
2021-05-20 11:16:40,691:INFO:Preloading libraries
2021-05-20 11:16:40,712:INFO:Copying training dataset
2021-05-20 11:16:40,713:INFO:Plot type: umap
2021-05-20 11:16:40,772:INFO:SubProcess assign_model() called ==================================
2021-05-20 11:16:40,772:INFO:Initializing assign_model()
2021-05-20 11:16:40,772:INFO:assign_model(model=IForest(behaviour='new', bootstrap=False, contamination=0.05,
    max_features=1.0, max_samples='auto', n_estimators=100, n_jobs=-1,
    random_state=123, verbose=0), transformation=True, score=False, verbose=False)
2021-05-20 11:16:40,772:INFO:Checking exceptions
2021-05-20 11:16:40,772:INFO:Determining Trained Model
2021-05-20 11:16:40,773:INFO:Trained Model : Isolation Forest
2021-05-20 11:16:40,773:INFO:Copying data
2021-05-20 11:16:40,773:INFO:Transformation param set to True. Assigned clusters are attached on transformed dataset.
2021-05-20 11:16:40,774:INFO:(1026, 92)
2021-05-20 11:16:40,774:INFO:assign_model() succesfully completed......................................
2021-05-20 11:16:40,775:INFO:SubProcess assign_model() end ==================================
2021-05-20 11:16:43,289:INFO:Fitting UMAP()
2021-05-20 11:16:56,220:INFO:Rendering Visual
2021-05-20 11:16:56,541:INFO:Visual Rendered Successfully
2021-05-20 11:16:56,889:INFO:plot_model() succesfully completed......................................
2021-05-20 11:17:21,873:INFO:Initializing save_model()
2021-05-20 11:17:21,873:INFO:save_model(model=IForest(behaviour='new', bootstrap=False, contamination=0.05,
    max_features=1.0, max_samples='auto', n_estimators=100, n_jobs=-1,
    random_state=123, verbose=0), model_name=Final IForest Model, prep_pipe_=Pipeline(memory=None,
         steps=[('dtypes',
                 DataTypes_Auto_infer(categorical_features=[],
                                      display_types=True,
                                      features_todrop=['MouseID'],
                                      id_columns=[], ml_usecase='regression',
                                      numerical_features=[],
                                      target='UNSUPERVISED_DUMMY_TARGET',
                                      time_features=[])),
                ('imputer',
                 Simple_Imputer(categorical_strategy='most frequent',
                                fill_value_categorical=None,
                                fill_value_numer...
                ('P_transform', 'passthrough'), ('binn', 'passthrough'),
                ('rem_outliers', 'passthrough'), ('cluster_all', 'passthrough'),
                ('dummy', Dummify(target='UNSUPERVISED_DUMMY_TARGET')),
                ('fix_perfect', 'passthrough'),
                ('clean_names', Clean_Colum_Names()),
                ('feature_select', 'passthrough'), ('fix_multi', 'passthrough'),
                ('dfs', 'passthrough'), ('pca', 'passthrough')],
         verbose=False), verbose=True, kwargs={})
2021-05-20 11:17:21,873:INFO:Adding model into prep_pipe
2021-05-20 11:17:21,934:INFO:Final IForest Model.pkl saved in current working directory
2021-05-20 11:17:21,944:INFO:Pipeline(memory=None,
         steps=[('dtypes',
                 DataTypes_Auto_infer(categorical_features=[],
                                      display_types=True,
                                      features_todrop=['MouseID'],
                                      id_columns=[], ml_usecase='regression',
                                      numerical_features=[],
                                      target='UNSUPERVISED_DUMMY_TARGET',
                                      time_features=[])),
                ('imputer',
                 Simple_Imputer(categorical_strategy='most frequent',
                                fill_value_categorical=None,
                                fill_value_numer...
                ('fix_perfect', 'passthrough'),
                ('clean_names', Clean_Colum_Names()),
                ('feature_select', 'passthrough'), ('fix_multi', 'passthrough'),
                ('dfs', 'passthrough'), ('pca', 'passthrough'),
                ['trained_model',
                 IForest(behaviour='new', bootstrap=False, contamination=0.05,
    max_features=1.0, max_samples='auto', n_estimators=100, n_jobs=-1,
    random_state=123, verbose=0)]],
         verbose=False)
2021-05-20 11:17:21,944:INFO:save_model() succesfully completed......................................
2021-05-20 11:17:30,856:INFO:Initializing load_model()
2021-05-20 11:17:30,857:INFO:load_model(model_name=Final IForest Model, platform=None, authentication=None, verbose=True)
2021-05-20 11:18:19,700:INFO:Initializing predict_model()
2021-05-20 11:18:19,701:INFO:predict_model(estimator=Pipeline(memory=None,
         steps=[('dtypes',
                 DataTypes_Auto_infer(categorical_features=[],
                                      display_types=True,
                                      features_todrop=['MouseID'],
                                      id_columns=[], ml_usecase='regression',
                                      numerical_features=[],
                                      target='UNSUPERVISED_DUMMY_TARGET',
                                      time_features=[])),
                ('imputer',
                 Simple_Imputer(categorical_strategy='most frequent',
                                fill_value_categorical=None,
                                fill_value_numer...
                ('fix_perfect', 'passthrough'),
                ('clean_names', Clean_Colum_Names()),
                ('feature_select', 'passthrough'), ('fix_multi', 'passthrough'),
                ('dfs', 'passthrough'), ('pca', 'passthrough'),
                ['trained_model',
                 IForest(behaviour='new', bootstrap=False, contamination=0.05,
    max_features=1.0, max_samples='auto', n_estimators=100, n_jobs=-1,
    random_state=123, verbose=0)]],
         verbose=False), ml_usecase=MLUsecase.ANOMALY)
